app/build/intermediates/manifest_merge_blame_file/release/manifest-merger-blame-release-report.txt
1<?xml version="1.0" encoding="utf-8"?>
2<manifest xmlns:android="http://schemas.android.com/apk/res/android"
3    package="eu.alexcuar.romaatuspies"
4    android:versionCode="2"
5    android:versionName="2.0" >
6
7    <uses-sdk
8        android:minSdkVersion="26"
8-->src\main\AndroidManifest.xml
9        android:targetSdkVersion="32" />
9-->src\main\AndroidManifest.xml
10
11    <uses-permission android:name="android.permission.INTERNET" />
11-->src\main\AndroidManifest.xml:7:5-67
11-->src\main\AndroidManifest.xml:7:22-64
12    <uses-permission android:name="android.permission.ACCESS_COARSE_LOCATION" />
12-->src\main\AndroidManifest.xml:8:5-81
12-->src\main\AndroidManifest.xml:8:22-78
13
14    <application
14-->src\main\AndroidManifest.xml:10:5-34:19
15        android:allowBackup="true"
15-->src\main\AndroidManifest.xml:11:9-35
16        android:appComponentFactory="android.support.v4.app.CoreComponentFactory"
16-->[com.android.support:support-compat:28.0.0] AndroidManifest.xml:22:18-91
17        android:dataExtractionRules="@xml/data_extraction_rules"
17-->src\main\AndroidManifest.xml:12:9-65
18        android:extractNativeLibs="false"
19        android:fullBackupContent="@xml/backup_rules"
19-->src\main\AndroidManifest.xml:13:9-54
20        android:icon="@mipmap/ic_launcher"
20-->src\main\AndroidManifest.xml:14:9-43
21        android:label="@string/app_name"
21-->src\main\AndroidManifest.xml:15:9-41
22        android:roundIcon="@mipmap/ic_launcher_round"
22-->src\main\AndroidManifest.xml:16:9-54
23        android:supportsRtl="true"
23-->src\main\AndroidManifest.xml:17:9-35
24        android:theme="@style/Theme.Romaatuspies" >
24-->src\main\AndroidManifest.xml:18:9-50
25        <activity
25-->src\main\AndroidManifest.xml:20:9-29:20
26            android:name="eu.alexcuar.romaatuspies.Splash"
26-->src\main\AndroidManifest.xml:21:13-35
27            android:exported="true"
27-->src\main\AndroidManifest.xml:22:13-36
28            android:theme="@android:style/Theme.DeviceDefault.NoActionBar" >
28-->src\main\AndroidManifest.xml:23:13-75
29            <intent-filter>
29-->src\main\AndroidManifest.xml:24:13-28:29
30                <action android:name="android.intent.action.MAIN" />
30-->src\main\AndroidManifest.xml:25:17-69
30-->src\main\AndroidManifest.xml:25:25-66
31
32                <category android:name="android.intent.category.LAUNCHER" />
32-->src\main\AndroidManifest.xml:27:17-77
32-->src\main\AndroidManifest.xml:27:27-74
33            </intent-filter>
34        </activity>
35        <activity
35-->src\main\AndroidManifest.xml:30:9-33:20
36            android:name="eu.alexcuar.romaatuspies.MainActivity"
36-->src\main\AndroidManifest.xml:31:13-41
37            android:exported="true" >
37-->src\main\AndroidManifest.xml:32:13-36
38        </activity>
39    </application>
40
41</manifest>